/opt/slurm/data/slurmd/job8248309/slurm_script: line 20: TASK_NAME: command not found
usage: run_glue.py [-h] --data_dir DATA_DIR --model_type MODEL_TYPE
                   --model_name_or_path MODEL_NAME_OR_PATH --task_name
                   TASK_NAME --output_dir OUTPUT_DIR
                   [--config_name CONFIG_NAME]
                   [--tokenizer_name TOKENIZER_NAME] [--cache_dir CACHE_DIR]
                   [--max_seq_length MAX_SEQ_LENGTH] [--do_train] [--do_eval]
                   [--evaluate_during_training] [--do_lower_case]
                   [--per_gpu_train_batch_size PER_GPU_TRAIN_BATCH_SIZE]
                   [--per_gpu_eval_batch_size PER_GPU_EVAL_BATCH_SIZE]
                   [--gradient_accumulation_steps GRADIENT_ACCUMULATION_STEPS]
                   [--learning_rate LEARNING_RATE]
                   [--weight_decay WEIGHT_DECAY] [--adam_epsilon ADAM_EPSILON]
                   [--max_grad_norm MAX_GRAD_NORM]
                   [--num_train_epochs NUM_TRAIN_EPOCHS]
                   [--max_steps MAX_STEPS] [--warmup_steps WARMUP_STEPS]
                   [--logging_steps LOGGING_STEPS] [--save_steps SAVE_STEPS]
                   [--eval_all_checkpoints] [--no_cuda]
                   [--overwrite_output_dir] [--overwrite_cache] [--seed SEED]
                   [--fp16] [--fp16_opt_level FP16_OPT_LEVEL]
                   [--local_rank LOCAL_RANK] [--server_ip SERVER_IP]
                   [--server_port SERVER_PORT]
run_glue.py: error: argument --task_name: expected one argument
